Build started 6/26/2021 5:10:59 PM.
     1>Project "C:\Users\MiyukiNozomi\documents\visual studio 2010\Projects\Win32Paino\Win32Paino\Win32Paino.vcxproj" on node 2 (build target(s)).
     1>InitializeBuildStatus:
         Creating "Debug\AngelEngine.unsuccessfulbuild" because "AlwaysCreate" was specified.
       ClCompile:
         C:\Program Files (x86)\Microsoft Visual Studio 10.0\VC\bin\CL.exe /c /ZI /nologo /W3 /WX- /Od /Oy- /D WIN32 /D _DEBUG /D _WINDOWS /D _UNICODE /D UNICODE /Gm /EHsc /RTC1 /MDd /GS /fp:precise /Zc:wchar_t /Zc:forScope /Fo"Debug\\" /Fd"Debug\vc100.pdb" /Gd /TP /analyze- /errorReport:prompt AngelEngine.cpp Buffers.h Loader.cpp WinMain.cpp
         Buffers.h
         Generating Code...
         Skipping... (no relevant changes detected)
         WinMain.cpp
         Loader.cpp
         AngelEngine.cpp
       ManifestResourceCompile:
         All outputs are up-to-date.
       Link:
         C:\Program Files (x86)\Microsoft Visual Studio 10.0\VC\bin\link.exe /ERRORREPORT:PROMPT /OUT:"C:\Users\MiyukiNozomi\documents\visual studio 2010\Projects\Win32Paino\Debug\AngelEngine.exe" /INCREMENTAL /NOLOGO kernel32.lib user32.lib gdi32.lib winspool.lib comdlg32.lib advapi32.lib shell32.lib ole32.lib oleaut32.lib uuid.lib odbc32.lib odbccp32.lib /MANIFEST /ManifestFile:"Debug\AngelEngine.exe.intermediate.manifest" /MANIFESTUAC:"level='asInvoker' uiAccess='false'" /DEBUG /PDB:"C:\Users\MiyukiNozomi\documents\visual studio 2010\Projects\Win32Paino\Debug\AngelEngine.pdb" /SUBSYSTEM:WINDOWS /TLBID:1 /DYNAMICBASE /NXCOMPAT /IMPLIB:"C:\Users\MiyukiNozomi\documents\visual studio 2010\Projects\Win32Paino\Debug\AngelEngine.lib" /MACHINE:X86 Debug\AngelEngine.exe.embed.manifest.res
         Debug\AngelEngine.obj
         Debug\Input.obj
         Debug\KeyCode.obj
         Debug\Loader.obj
         Debug\Buffers.obj
         Debug\stb_image.obj
         Debug\WinMain.obj
       Manifest:
         C:\Program Files (x86)\Microsoft SDKs\Windows\v7.0A\bin\mt.exe /nologo /verbose /out:"Debug\AngelEngine.exe.embed.manifest" /manifest Debug\AngelEngine.exe.intermediate.manifest
         All outputs are up-to-date.
       LinkEmbedManifest:
         All outputs are up-to-date.
         Win32Paino.vcxproj -> C:\Users\MiyukiNozomi\documents\visual studio 2010\Projects\Win32Paino\Debug\AngelEngine.exe
       FinalizeBuildStatus:
         Deleting file "Debug\AngelEngine.unsuccessfulbuild".
         Touching "Debug\AngelEngine.lastbuildstate".
     1>Done Building Project "C:\Users\MiyukiNozomi\documents\visual studio 2010\Projects\Win32Paino\Win32Paino\Win32Paino.vcxproj" (build target(s)).

Build succeeded.

Time Elapsed 00:00:04.24
